<?xml version="1.0" encoding="UTF-8"?>
<!-- Generated by org.testng.reporters.JUnitReportReporter -->
<testsuite hostname="Gagan" failures="0" tests="1" name="com.sample.crud.withBDDTest.SampleTestForReadTest" time="2.548" errors="0" timestamp="2024-07-04T00:58:17 IST" skipped="0">
  <testcase classname="com.sample.crud.withBDDTest.SampleTestForReadTest" name="getDataFromServer" time="2.548"/>
  <system-out/>
</testsuite> <!-- com.sample.crud.withBDDTest.SampleTestForReadTest -->
