<?xml version="1.0" encoding="UTF-8"?>
<!-- Generated by org.testng.reporters.JUnitReportReporter -->
<testsuite hostname="Gagan" failures="0" tests="1" name="practice.PostRequestTypes.PostReq_Via_JsonFileTest" time="1.124" errors="0" timestamp="2024-06-22T10:57:41 IST" skipped="0">
  <testcase classname="practice.PostRequestTypes.PostReq_Via_JsonFileTest" name="postDataToServer" time="1.124"/>
  <system-out/>
</testsuite> <!-- practice.PostRequestTypes.PostReq_Via_JsonFileTest -->
