<?xml version="1.0" encoding="UTF-8"?>
<!-- Generated by org.testng.reporters.JUnitReportReporter -->
<testsuite hostname="Gagan" failures="0" tests="1" name="authtest.OAuth2_0_Test" time="5.099" errors="0" timestamp="2024-07-06T11:40:43 IST" skipped="0">
  <testcase classname="authtest.OAuth2_0_Test" name="sampleTest" time="5.099"/>
  <system-out/>
</testsuite> <!-- authtest.OAuth2_0_Test -->
