<?xml version="1.0" encoding="UTF-8"?>
<!-- Generated by org.testng.reporters.JUnitReportReporter -->
<testsuite hostname="Gagan" failures="0" tests="1" name="practice_method_chaining_1b.SampleTest" time="1.671" errors="0" timestamp="2024-07-03T22:47:58 IST" skipped="0">
  <testcase classname="practice_method_chaining_1b.SampleTest" name="sampleGetReqTest" time="1.671"/>
  <system-out/>
</testsuite> <!-- practice_method_chaining_1b.SampleTest -->
