<?xml version="1.0" encoding="UTF-8"?>
<!-- Generated by org.testng.reporters.JUnitReportReporter -->
<testsuite hostname="Gagan" failures="0" tests="1" name="authtest.BearerTokenAuthTest" time="1.513" errors="0" timestamp="2024-06-27T10:11:22 IST" skipped="0">
  <testcase classname="authtest.BearerTokenAuthTest" name="sampleTest" time="1.513"/>
  <system-out/>
</testsuite> <!-- authtest.BearerTokenAuthTest -->
