<?xml version="1.0" encoding="UTF-8"?>
<!-- Generated by org.testng.reporters.JUnitReportReporter -->
<testsuite hostname="Gagan" failures="0" tests="1" name="reqchaining.Scenario2_AddEmployeeToProject" time="2.103" errors="0" timestamp="2024-06-24T21:05:35 IST" skipped="0">
  <testcase classname="reqchaining.Scenario2_AddEmployeeToProject" name="addEmployee" time="2.103"/>
  <system-out/>
</testsuite> <!-- reqchaining.Scenario2_AddEmployeeToProject -->
