<?xml version="1.0" encoding="UTF-8"?>
<!-- Generated by org.testng.reporters.JUnitReportReporter -->
<testsuite hostname="Gagan" failures="0" tests="1" name="authtest.BasicAuthTest" time="1.517" errors="0" timestamp="2024-06-26T17:59:47 IST" skipped="0">
  <testcase classname="authtest.BasicAuthTest" name="sampleTest" time="1.517"/>
  <system-out/>
</testsuite> <!-- authtest.BasicAuthTest -->
