<?xml version="1.0" encoding="UTF-8"?>
<!-- Generated by org.testng.reporters.JUnitReportReporter -->
<testsuite hostname="Gagan" failures="0" tests="1" name="com.sample.crud.withoutBDD.SampleTestForPartialUpdateTest" time="1.131" errors="0" timestamp="2024-06-20T20:11:52 IST" skipped="0">
  <testcase classname="com.sample.crud.withoutBDD.SampleTestForPartialUpdateTest" name="putDataToServer" time="1.131"/>
  <system-out/>
</testsuite> <!-- com.sample.crud.withoutBDD.SampleTestForPartialUpdateTest -->
