<?xml version="1.0" encoding="UTF-8"?>
<!-- Generated by org.testng.reporters.JUnitReportReporter -->
<testsuite hostname="Gagan" failures="0" tests="1" name="com.sample.crud.withBDDTest.SampleTestForCreateTest" time="1.207" errors="0" timestamp="2024-06-27T18:25:04 IST" skipped="0">
  <testcase classname="com.sample.crud.withBDDTest.SampleTestForCreateTest" name="postDataToServer" time="1.207"/>
  <system-out/>
</testsuite> <!-- com.sample.crud.withBDDTest.SampleTestForCreateTest -->
