<?xml version="1.0" encoding="UTF-8"?>
<!-- Generated by org.testng.reporters.JUnitReportReporter -->
<testsuite hostname="Gagan" failures="0" tests="1" name="com.sample.crud.withoutBDD.SampleTestForDeleteTest" time="1.442" errors="0" timestamp="2024-06-20T20:39:32 IST" skipped="0">
  <testcase classname="com.sample.crud.withoutBDD.SampleTestForDeleteTest" name="deleteDataFromServer" time="1.442"/>
  <system-out/>
</testsuite> <!-- com.sample.crud.withoutBDD.SampleTestForDeleteTest -->
