<?xml version="1.0" encoding="UTF-8"?>
<!-- Generated by org.testng.reporters.JUnitReportReporter -->
<testsuite hostname="Gagan" failures="0" tests="1" name="authtest.DigestiveAuthTest" time="1.450" errors="0" timestamp="2024-06-26T18:06:38 IST" skipped="0">
  <testcase classname="authtest.DigestiveAuthTest" name="sampleTest" time="1.450"/>
  <system-out/>
</testsuite> <!-- authtest.DigestiveAuthTest -->
