<?xml version="1.0" encoding="UTF-8"?>
<!-- Generated by org.testng.reporters.JUnitReportReporter -->
<testsuite hostname="Gagan" failures="0" tests="1" name="practice.responseValidation.VerifyResponseTimeTest" time="2.507" errors="0" timestamp="2024-06-24T16:32:50 IST" skipped="0">
  <testcase classname="practice.responseValidation.VerifyResponseTimeTest" name="verifyHeader" time="2.507"/>
  <system-out/>
</testsuite> <!-- practice.responseValidation.VerifyResponseTimeTest -->
