<?xml version="1.0" encoding="UTF-8"?>
<!-- Generated by org.testng.reporters.JUnitReportReporter -->
<testsuite hostname="Gagan" failures="0" tests="1" name="authtest.Auth2_0_Test" time="2.297" errors="0" timestamp="2024-06-27T11:00:18 IST" skipped="0">
  <testcase classname="authtest.Auth2_0_Test" name="sampleTest" time="2.297"/>
  <system-out/>
</testsuite> <!-- authtest.Auth2_0_Test -->
