<?xml version="1.0" encoding="UTF-8"?>
<!-- Generated by org.testng.reporters.JUnitReportReporter -->
<testsuite hostname="Gagan" failures="0" tests="1" name="typesofparameters.QueryParamTest" time="1.122" errors="0" timestamp="2024-06-26T12:52:20 IST" skipped="0">
  <testcase classname="typesofparameters.QueryParamTest" name="SampleTest" time="1.122"/>
  <system-out/>
</testsuite> <!-- typesofparameters.QueryParamTest -->
