<?xml version="1.0" encoding="UTF-8"?>
<!-- Generated by org.testng.reporters.JUnitReportReporter -->
<testsuite hostname="Gagan" failures="0" tests="1" name="practice.Run1" time="0.014" errors="0" timestamp="2024-07-03T22:17:53 IST" skipped="0">
  <testcase classname="practice.Run1" name="sampleTest" time="0.014"/>
  <system-out/>
</testsuite> <!-- practice.Run1 -->
