<?xml version="1.0" encoding="UTF-8"?>
<!-- Generated by org.testng.reporters.JUnitReportReporter -->
<testsuite hostname="Gagan" failures="0" tests="1" name="com.sample.crud.withBDDTest.SampleTestForReadTest" time="2.375" errors="0" timestamp="2024-07-15T18:02:21 IST" skipped="0">
  <testcase classname="com.sample.crud.withBDDTest.SampleTestForReadTest" name="getDataFromServer" time="2.375"/>
  <system-out/>
</testsuite> <!-- com.sample.crud.withBDDTest.SampleTestForReadTest -->
