<?xml version="1.0" encoding="UTF-8"?>
<!-- Generated by org.testng.reporters.JUnitReportReporter -->
<testsuite hostname="Gagan" failures="0" tests="1" name="practice.PostRequestTypes.PostReq_Via_POJOClassTest" time="1.432" errors="0" timestamp="2024-06-22T12:05:38 IST" skipped="0">
  <testcase classname="practice.PostRequestTypes.PostReq_Via_POJOClassTest" name="postDataToServer" time="1.432"/>
  <system-out/>
</testsuite> <!-- practice.PostRequestTypes.PostReq_Via_POJOClassTest -->
