<?xml version="1.0" encoding="UTF-8"?>
<!-- Generated by org.testng.reporters.JUnitReportReporter -->
<testsuite hostname="Gagan" failures="0" tests="1" name="requestchaining.Scenario2_AddEmployeeToProject" time="2.102" errors="0" timestamp="2024-07-01T13:42:46 IST" skipped="0">
  <testcase classname="requestchaining.Scenario2_AddEmployeeToProject" name="addEmployee" time="2.102"/>
  <system-out/>
</testsuite> <!-- requestchaining.Scenario2_AddEmployeeToProject -->
