<?xml version="1.0" encoding="UTF-8"?>
<!-- Generated by org.testng.reporters.JUnitReportReporter -->
<testsuite hostname="Gagan" failures="0" tests="1" name="mockingsolution.copy.PaymentTest_$" time="1.453" errors="0" timestamp="2024-06-29T19:25:18 IST" skipped="0">
  <testcase classname="mockingsolution.copy.PaymentTest_$" name="sampleTest" time="1.453"/>
  <system-out/>
</testsuite> <!-- mockingsolution.copy.PaymentTest_$ -->
