<?xml version="1.0" encoding="UTF-8"?>
<!-- Generated by org.testng.reporters.JUnitReportReporter -->
<testsuite hostname="Gagan" failures="0" tests="1" name="com.sample.crud.withBDDTest.SampleTestForCompleteUpdateTest" time="1.330" errors="0" timestamp="2024-06-21T11:25:26 IST" skipped="0">
  <testcase classname="com.sample.crud.withBDDTest.SampleTestForCompleteUpdateTest" name="putDataToServer" time="1.330"/>
  <system-out/>
</testsuite> <!-- com.sample.crud.withBDDTest.SampleTestForCompleteUpdateTest -->
