<?xml version="1.0" encoding="UTF-8"?>
<!-- Generated by org.testng.reporters.JUnitReportReporter -->
<testsuite hostname="Gagan" failures="0" tests="1" name="com.sample.crud.withoutBDD.SampleTestForCompleteUpdateTest" time="1.186" errors="0" timestamp="2024-06-20T20:08:37 IST" skipped="0">
  <testcase classname="com.sample.crud.withoutBDD.SampleTestForCompleteUpdateTest" name="putDataToServer" time="1.186"/>
  <system-out/>
</testsuite> <!-- com.sample.crud.withoutBDD.SampleTestForCompleteUpdateTest -->
