<?xml version="1.0" encoding="UTF-8"?>
<!-- Generated by org.testng.reporters.JUnitReportReporter -->
<testsuite hostname="Gagan" failures="0" tests="10" name="datadriventesting_in_api.AddMultipleProjectTest" time="4.691" errors="0" timestamp="2024-06-28T11:09:14 IST" skipped="0">
  <testcase classname="datadriventesting_in_api.AddMultipleProjectTest" name="sampleTest" time="0.216"/>
  <system-out/>
  <testcase classname="datadriventesting_in_api.AddMultipleProjectTest" name="sampleTest" time="0.124"/>
  <system-out/>
  <testcase classname="datadriventesting_in_api.AddMultipleProjectTest" name="sampleTest" time="1.701"/>
  <system-out/>
  <testcase classname="datadriventesting_in_api.AddMultipleProjectTest" name="sampleTest" time="0.081"/>
  <system-out/>
  <testcase classname="datadriventesting_in_api.AddMultipleProjectTest" name="sampleTest" time="0.764"/>
  <system-out/>
  <testcase classname="datadriventesting_in_api.AddMultipleProjectTest" name="sampleTest" time="0.495"/>
  <system-out/>
  <testcase classname="datadriventesting_in_api.AddMultipleProjectTest" name="sampleTest" time="0.410"/>
  <system-out/>
  <testcase classname="datadriventesting_in_api.AddMultipleProjectTest" name="sampleTest" time="0.273"/>
  <system-out/>
  <testcase classname="datadriventesting_in_api.AddMultipleProjectTest" name="sampleTest" time="0.302"/>
  <system-out/>
  <testcase classname="datadriventesting_in_api.AddMultipleProjectTest" name="sampleTest" time="0.325"/>
  <system-out/>
</testsuite> <!-- datadriventesting_in_api.AddMultipleProjectTest -->
