<?xml version="1.0" encoding="UTF-8"?>
<!-- Generated by org.testng.reporters.JUnitReportReporter -->
<testsuite hostname="Gagan" failures="0" tests="1" name="encryption.UpdatePayrollInfoViaAESEncryption" time="1.115" errors="0" timestamp="2024-06-27T17:53:08 IST" skipped="0">
  <testcase classname="encryption.UpdatePayrollInfoViaAESEncryption" name="sampleTest" time="1.115"/>
  <system-out/>
</testsuite> <!-- encryption.UpdatePayrollInfoViaAESEncryption -->
