<?xml version="1.0" encoding="UTF-8"?>
<!-- Generated by org.testng.reporters.JUnitReportReporter -->
<testsuite hostname="Gagan" failures="0" tests="1" name="practice.responseValidation.VerifyResponseHeaderTest" time="2.690" errors="0" timestamp="2024-06-24T16:30:26 IST" skipped="0">
  <testcase classname="practice.responseValidation.VerifyResponseHeaderTest" name="verifyHeader" time="2.690"/>
  <system-out/>
</testsuite> <!-- practice.responseValidation.VerifyResponseHeaderTest -->
