<?xml version="1.0" encoding="UTF-8"?>
<!-- Generated by org.testng.reporters.JUnitReportReporter -->
<testsuite hostname="Gagan" failures="0" tests="1" name="practice.SampleTestUsingMtdChainingTest" time="2.397" errors="0" timestamp="2024-06-20T12:51:22 IST" skipped="0">
  <testcase classname="practice.SampleTestUsingMtdChainingTest" name="getRequestTest" time="2.397"/>
  <system-out/>
</testsuite> <!-- practice.SampleTestUsingMtdChainingTest -->
