<?xml version="1.0" encoding="UTF-8"?>
<!-- Generated by org.testng.reporters.JUnitReportReporter -->
<testsuite hostname="Gagan" failures="0" tests="1" name="reqchaining.Scenario1_Delete_Project" time="1.940" errors="0" timestamp="2024-06-24T20:30:38 IST" skipped="0">
  <testcase classname="reqchaining.Scenario1_Delete_Project" name="postDataToServer" time="1.940"/>
  <system-out/>
</testsuite> <!-- reqchaining.Scenario1_Delete_Project -->
