<?xml version="1.0" encoding="UTF-8"?>
<!-- Generated by org.testng.reporters.JUnitReportReporter -->
<testsuite hostname="Gagan" failures="0" tests="1" name="com.sample.crud.withoutBDD.SampleTestForReadTest" time="1.130" errors="0" timestamp="2024-06-20T19:33:03 IST" skipped="0">
  <testcase classname="com.sample.crud.withoutBDD.SampleTestForReadTest" name="postDataToServer" time="1.130"/>
  <system-out/>
</testsuite> <!-- com.sample.crud.withoutBDD.SampleTestForReadTest -->
