<?xml version="1.0" encoding="UTF-8"?>
<!-- Generated by org.testng.reporters.JUnitReportReporter -->
<testsuite hostname="Gagan" failures="0" tests="1" name="typesofparameters.ParamParameterTest" time="1.509" errors="0" timestamp="2024-06-27T18:23:01 IST" skipped="0">
  <testcase classname="typesofparameters.ParamParameterTest" name="SampleTest" time="1.509"/>
  <system-out/>
</testsuite> <!-- typesofparameters.ParamParameterTest -->
