<?xml version="1.0" encoding="UTF-8"?>
<!-- Generated by org.testng.reporters.JUnitReportReporter -->
<testsuite hostname="Gagan" failures="0" tests="1" name="practice_method_chaining_1b.SampleTest_UsingMtdChainingTest" time="3.869" errors="0" timestamp="2024-07-03T22:54:38 IST" skipped="0">
  <testcase classname="practice_method_chaining_1b.SampleTest_UsingMtdChainingTest" name="getRequestTest" time="3.869"/>
  <system-out/>
</testsuite> <!-- practice_method_chaining_1b.SampleTest_UsingMtdChainingTest -->
