<?xml version="1.0" encoding="UTF-8"?>
<!-- Generated by org.testng.reporters.JUnitReportReporter -->
<testsuite hostname="Gagan" failures="0" tests="1" name="encryption.EncodeAndDecodeTest" time="0.017" errors="0" timestamp="2024-07-06T11:43:52 IST" skipped="0">
  <testcase classname="encryption.EncodeAndDecodeTest" name="sampleTest" time="0.017"/>
  <system-out/>
</testsuite> <!-- encryption.EncodeAndDecodeTest -->
