<?xml version="1.0" encoding="UTF-8"?>
<!-- Generated by org.testng.reporters.JUnitReportReporter -->
<testsuite hostname="Gagan" failures="0" tests="1" name="practice.Run2" time="0.015" errors="0" timestamp="2024-06-20T11:36:26 IST" skipped="0">
  <testcase classname="practice.Run2" name="sampleTest" time="0.015"/>
  <system-out/>
</testsuite> <!-- practice.Run2 -->
