<?xml version="1.0" encoding="UTF-8"?>
<!-- Generated by org.testng.reporters.JUnitReportReporter -->
<testsuite hostname="Gagan" failures="0" tests="1" name="practice.PostRequestTypes.PostReq_via_HashMapTest" time="1.504" errors="0" timestamp="2024-06-22T10:41:14 IST" skipped="0">
  <testcase classname="practice.PostRequestTypes.PostReq_via_HashMapTest" name="postDataToServer" time="1.504"/>
  <system-out/>
</testsuite> <!-- practice.PostRequestTypes.PostReq_via_HashMapTest -->
