<?xml version="1.0" encoding="UTF-8"?>
<!-- Generated by org.testng.reporters.JUnitReportReporter -->
<testsuite hostname="Gagan" failures="0" tests="1" name="encryption.AES_EncryptTest" time="0.040" errors="0" timestamp="2024-06-27T17:04:43 IST" skipped="0">
  <testcase classname="encryption.AES_EncryptTest" name="sampleTest" time="0.040"/>
  <system-out/>
</testsuite> <!-- encryption.AES_EncryptTest -->
