<?xml version="1.0" encoding="UTF-8"?>
<!-- Generated by org.testng.reporters.JUnitReportReporter -->
<testsuite hostname="Gagan" failures="0" tests="1" name="typesofparameters.PathParamTest" time="1.150" errors="0" timestamp="2024-06-26T12:18:52 IST" skipped="0">
  <testcase classname="typesofparameters.PathParamTest" name="SampleTest" time="1.150"/>
  <system-out/>
</testsuite> <!-- typesofparameters.PathParamTest -->
