<?xml version="1.0" encoding="UTF-8"?>
<!-- Generated by org.testng.reporters.JUnitReportReporter -->
<testsuite hostname="Gagan" failures="0" tests="1" name="mockingsolution.PaymentTest_$" time="1.819" errors="0" timestamp="2024-07-01T10:08:56 IST" skipped="0">
  <testcase classname="mockingsolution.PaymentTest_$" name="sampleTest" time="1.819"/>
  <system-out/>
</testsuite> <!-- mockingsolution.PaymentTest_$ -->
