<?xml version="1.0" encoding="UTF-8"?>
<!-- Generated by org.testng.reporters.JUnitReportReporter -->
<testsuite hostname="Gagan" failures="0" tests="1" name="pac.SampleTest" time="2.695" errors="0" timestamp="2024-06-19T20:58:37 IST" skipped="0">
  <testcase classname="pac.SampleTest" name="sampleGetReqTest" time="2.695"/>
  <system-out/>
</testsuite> <!-- pac.SampleTest -->
