<?xml version="1.0" encoding="UTF-8"?>
<!-- Generated by org.testng.reporters.JUnitReportReporter -->
<testsuite hostname="Gagan" failures="0" tests="1" name="requestchaining.Scenario3_GetPayRollInfo" time="3.160" errors="0" timestamp="2024-06-25T14:56:51 IST" skipped="0">
  <testcase classname="requestchaining.Scenario3_GetPayRollInfo" name="payRollInfo" time="3.160"/>
  <system-out/>
</testsuite> <!-- requestchaining.Scenario3_GetPayRollInfo -->
