<?xml version="1.0" encoding="UTF-8"?>
<!-- Generated by org.testng.reporters.JUnitReportReporter -->
<testsuite hostname="Gagan" failures="0" tests="1" name="reqchaining.Scenario3_GetPayRollInfo" time="1.195" errors="0" timestamp="2024-06-24T21:39:42 IST" skipped="0">
  <testcase classname="reqchaining.Scenario3_GetPayRollInfo" name="payRollInfo" time="1.195"/>
  <system-out/>
</testsuite> <!-- reqchaining.Scenario3_GetPayRollInfo -->
