<?xml version="1.0" encoding="UTF-8"?>
<!-- Generated by org.testng.reporters.JUnitReportReporter -->
<testsuite hostname="Gagan" failures="0" tests="1" name="practice.responseValidation.VerifyData_ComplexJsonXpath" time="2.002" errors="0" timestamp="2024-06-25T10:12:00 IST" skipped="0">
  <testcase classname="practice.responseValidation.VerifyData_ComplexJsonXpath" name="sampleTest" time="2.002"/>
  <system-out/>
</testsuite> <!-- practice.responseValidation.VerifyData_ComplexJsonXpath -->
