<?xml version="1.0" encoding="UTF-8"?>
<!-- Generated by org.testng.reporters.JUnitReportReporter -->
<testsuite hostname="Gagan" failures="0" tests="1" name="com.sample.crud.withBDDTest.SampleTestForPartialUpdateTest" time="1.499" errors="0" timestamp="2024-06-21T11:21:56 IST" skipped="0">
  <testcase classname="com.sample.crud.withBDDTest.SampleTestForPartialUpdateTest" name="putDataToServer" time="1.499"/>
  <system-out/>
</testsuite> <!-- com.sample.crud.withBDDTest.SampleTestForPartialUpdateTest -->
