<?xml version="1.0" encoding="UTF-8"?>
<!-- Generated by org.testng.reporters.JUnitReportReporter -->
<testsuite hostname="Gagan" failures="0" tests="1" name="encryption.API_EncodeTest" time="2.531" errors="0" timestamp="2024-07-06T11:45:54 IST" skipped="0">
  <testcase classname="encryption.API_EncodeTest" name="sampleTest" time="2.531"/>
  <system-out/>
</testsuite> <!-- encryption.API_EncodeTest -->
