<?xml version="1.0" encoding="UTF-8"?>
<!-- Generated by org.testng.reporters.JUnitReportReporter -->
<testsuite hostname="Gagan" failures="0" tests="1" name="com.sample.crud.withoutBDDTest.SampleTestForCreateTest" time="2.140" errors="0" timestamp="2024-07-04T00:19:52 IST" skipped="0">
  <testcase classname="com.sample.crud.withoutBDDTest.SampleTestForCreateTest" name="postDataToServer" time="2.140"/>
  <system-out/>
</testsuite> <!-- com.sample.crud.withoutBDDTest.SampleTestForCreateTest -->
